Scenario - 创新课3
Logfile written - 04/15/2014 15:18:19

Trial	Event Type	Code	Time	TTime	Uncertainty	Duration	Uncertainty	ReqTime	ReqDur	Stim Type	Pair Index

1	Picture	90	-8667	1000	2	100482	3	1000	resp	false_alarm	2
1	Response	10	91795	101462	1
2	Picture	91	92982	1000	1	45825	3	1000	resp	false_alarm	4
2	Response	10	138755	46773	1
3	Picture	92	139974	1000	1	600065	2	1000	600000	other	0
4	Sound	93	741039	1000	2			1000		other	0
5	Picture	94	751204	1000	1	33661	2	1000	resp	false_alarm	8
5	Response	10	784826	34622	2
6	Picture	65	786031	1000	1	150142	2	1000	150000	other	0
7	Picture	97	937339	1000	1	30162	2	1000	30000	other	0
8	Sound	93	968501	1000	2			1000		other	0
9	Sound	25	998665	20000	2			20000		other	0
10	Picture	94	1334439	1000	1	20163	2	1000	resp	false_alarm	14
10	Response	10	1354499	21060	1
11	Picture	85	1355768	1000	2	150142	3	1000	150000	other	0
12	Sound	93	1506910	1000	2			1000		other	0
13	Picture	31	1526073	10000	1	44159	2	10000	resp	false_alarm	18
13	Response	1	1570095	54022	3
14	Picture	32	1580230	10000	2	42160	3	10000	resp	false_alarm	20
14	Response	7	1622336	52106	1
15	Picture	33	1632388	10000	2	33995	3	10000	resp	false_alarm	22
15	Response	1	1666255	43867	2
16	Picture	34	1676381	10000	1	18497	2	10000	resp	false_alarm	24
16	Response	1	1694735	28354	1
17	Picture	98	1696044	1000	1	300116	2	1000	300000	other	0
18	Sound	93	1997161	1000	2			1000		other	0
19	Picture	94	2007325	1000	1	37994	2	1000	resp	false_alarm	28
19	Response	10	2045290	38965	2
20	Picture	64	2046485	1000	1	150141	2	1000	150000	other	0
21	Picture	97	2197793	1000	1	30161	2	1000	30000	other	0
22	Sound	93	2228955	1000	2			1000		other	0
23	Sound	24	2259286	20000	3			20000		other	0
24	Picture	94	2527404	1000	1	18163	2	1000	resp	false_alarm	34
24	Response	10	2545444	19040	2
25	Picture	84	2546734	1000	1	150141	2	1000	150000	other	0
26	Sound	93	2697875	1000	2			1000		other	0
27	Picture	31	2717038	10000	2	29662	3	10000	resp	false_alarm	38
27	Response	2	2746561	39523	2
28	Picture	32	2756698	10000	2	57824	3	10000	resp	false_alarm	40
28	Response	4	2814481	67783	1
29	Picture	33	2824520	10000	1	16164	2	10000	resp	false_alarm	42
29	Response	1	2840560	26040	2
30	Picture	34	2850683	10000	1	16663	2	10000	resp	false_alarm	44
30	Response	1	2867200	26517	1
31	Picture	98	2868513	1000	1	300116	2	1000	300000	other	0
32	Sound	93	3169629	1000	2			1000		other	0
33	Picture	94	3179794	1000	1	15830	2	1000	resp	false_alarm	48
33	Response	10	3195596	16802	1
34	Picture	52	3196791	1000	1	150141	2	1000	150000	other	0
35	Picture	97	3348096	1000	5	30164	6	1000	30000	other	0
36	Sound	93	3379260	1000	2			1000		other	0
37	Sound	12	3409591	20000	2			20000		other	0
38	Picture	94	3800022	1000	1	17830	2	1000	resp	false_alarm	54
38	Response	10	3817748	18726	1
39	Picture	72	3819019	1000	1	150141	2	1000	150000	other	0
40	Sound	93	3970160	1000	2			1000		other	0
41	Picture	31	3989323	10000	1	68822	2	10000	resp	false_alarm	58
41	Response	7	4058065	78742	1
42	Picture	32	4068143	10000	1	64156	2	10000	resp	false_alarm	60
42	Response	6	4132224	74081	1
43	Picture	33	4142297	10000	1	30495	2	10000	resp	false_alarm	62
43	Response	3	4172704	40407	1
44	Picture	34	4182790	10000	2	44993	3	10000	resp	false_alarm	64
44	Response	4	4227743	54953	1
45	Picture	98	4228949	1000	1	300116	2	1000	300000	other	0
46	Sound	93	4530065	1000	2			1000		other	0
47	Picture	94	4540230	1000	1	21496	2	1000	resp	false_alarm	68
47	Response	10	4561579	22349	1
48	Picture	59	4562893	1000	1	150141	2	1000	150000	other	0
49	Picture	97	4714200	1000	2	30162	3	1000	30000	other	0
50	Sound	93	4745362	1000	2			1000		other	0
51	Sound	19	4775527	20000	2			20000		other	0
52	Picture	94	5092303	1000	1	19330	2	1000	resp	false_alarm	74
52	Response	10	5111492	20189	1
53	Picture	79	5112800	1000	1	150141	2	1000	150000	other	0
54	Sound	93	5263941	1000	2			1000		other	0
55	Picture	31	5283104	10000	1	26162	2	10000	resp	false_alarm	78
55	Response	1	5309249	36145	1
56	Picture	32	5319265	10000	1	4332	2	10000	resp	false_alarm	80
56	Response	2	5323489	14224	1
57	Picture	33	5333595	10000	2	10165	3	10000	resp	false_alarm	82
57	Response	3	5343649	20054	1
58	Picture	34	5353759	10000	1	3166	2	10000	resp	false_alarm	84
58	Response	4	5356769	13010	1
59	Picture	98	5358091	1000	1	296199	2	1000	300000	other	0
59	Quit		5653805	296714
